Using pre-set license
Built from '2020.3/staging' branch; Version is '2020.3.5f1 (8095aa901b9b) revision 8426922'; Using compiler version '192528614'; Build Type 'Release'
OS: 'Windows 10 Pro; OS build 22000.318; Version 2009; 64bit' Language: 'en' Physical Memory: 16315 MB
BatchMode: 1, IsHumanControllingUs: 0, StartBugReporterOnCrash: 0, Is64bit: 1, IsPro: 0

 COMMAND LINE ARGUMENTS:
E:\Productivity\Unity\2020.3.5f1\Editor\Unity.exe
-adb2
-batchMode
-noUpm
-name
AssetImportWorker0
-projectPath
E:/Productivity/Unity_projects/MusicTiles_clone/MusicTilesClone
-logFile
Logs/AssetImportWorker0.log
-srvPort
64329
Successfully changed project path to: E:/Productivity/Unity_projects/MusicTiles_clone/MusicTilesClone
E:/Productivity/Unity_projects/MusicTiles_clone/MusicTilesClone
Using Asset Import Pipeline V2.
Refreshing native plugins compatible for Editor in 43.75 ms, found 1 plugins.
Preloading 0 native plugins for Editor in 0.00 ms.
Initialize engine version: 2020.3.5f1 (8095aa901b9b)
[Subsystems] Discovering subsystems at path E:/Productivity/Unity/2020.3.5f1/Editor/Data/Resources/UnitySubsystems
[Subsystems] Discovering subsystems at path E:/Productivity/Unity_projects/MusicTiles_clone/MusicTilesClone/Assets
GfxDevice: creating device client; threaded=0
Direct3D:
    Version:  Direct3D 11.0 [level 11.1]
    Renderer: NVIDIA GeForce GTX 1660 (ID=0x2184)
    Vendor:   
    VRAM:     5991 MB
    Driver:   27.21.14.5671
Initialize mono
Mono path[0] = 'E:/Productivity/Unity/2020.3.5f1/Editor/Data/Managed'
Mono path[1] = 'E:/Productivity/Unity/2020.3.5f1/Editor/Data/MonoBleedingEdge/lib/mono/unityjit'
Mono config path = 'E:/Productivity/Unity/2020.3.5f1/Editor/Data/MonoBleedingEdge/etc'
Using monoOptions --debugger-agent=transport=dt_socket,embedding=1,server=y,suspend=n,address=127.0.0.1:56596
Begin MonoManager ReloadAssembly
Registering precompiled unity dll's ...
Register platform support module: E:/Productivity/Unity/2020.3.5f1/Editor/Data/PlaybackEngines/WindowsStandaloneSupport/UnityEditor.WindowsStandalone.Extensions.dll
Registered in 0.000930 seconds.
Native extension for WindowsStandalone target not found
Refreshing native plugins compatible for Editor in 55.54 ms, found 1 plugins.
Preloading 0 native plugins for Editor in 0.00 ms.
Mono: successfully reloaded assembly
- Completed reload, in  1.925 seconds
Platform modules already initialized, skipping
Registering precompiled user dll's ...
Registered in 0.000951 seconds.
Begin MonoManager ReloadAssembly
Native extension for WindowsStandalone target not found
Refreshing native plugins compatible for Editor in 54.85 ms, found 1 plugins.
Preloading 0 native plugins for Editor in 0.00 ms.
Mono: successfully reloaded assembly
- Completed reload, in  1.463 seconds
Platform modules already initialized, skipping
========================================================================
Worker process is ready to serve import requests
Launched and connected shader compiler UnityShaderCompiler.exe after 0.05 seconds
Refreshing native plugins compatible for Editor in 0.62 ms, found 1 plugins.
Preloading 0 native plugins for Editor in 0.00 ms.
Unloading 1823 Unused Serialized files (Serialized files now loaded: 0)
System memory in use before: 85.4 MB.
System memory in use after: 85.3 MB.

Unloading 24 unused Assets to reduce memory usage. Loaded Objects now: 2266.
Total: 2.512500 ms (FindLiveObjects: 0.259500 ms CreateObjectMapping: 0.048500 ms MarkObjects: 2.046500 ms  DeleteObjects: 0.157000 ms)

========================================================================
Received Import Request.
  path: Assets/scipts/select_song.cs
  artifactKey: Guid(6c994e5c6c7f57c43b793e84c94d8c1f) Importer(815301076,1909f56bfc062723c751e8b465ee728b)
Start importing Assets/scipts/select_song.cs using Guid(6c994e5c6c7f57c43b793e84c94d8c1f) Importer(815301076,1909f56bfc062723c751e8b465ee728b)  -> (artifact id: '147cb29fd1bcc1c29bec078dec0c4f30') in 0.065503 seconds
  Import took 0.068760 seconds .

========================================================================
Received Import Request.
  Time since last request: 13.099936 seconds.
  path: Assets/scipts/tileaction.cs
  artifactKey: Guid(b31c67ec603f91643b3191fa4c735385) Importer(815301076,1909f56bfc062723c751e8b465ee728b)
Start importing Assets/scipts/tileaction.cs using Guid(b31c67ec603f91643b3191fa4c735385) Importer(815301076,1909f56bfc062723c751e8b465ee728b)  -> (artifact id: '76f2c71a3b0e512876fe57637987f388') in 0.009970 seconds
  Import took 0.013696 seconds .

========================================================================
Received Import Request.
  Time since last request: 0.027862 seconds.
  path: Assets/scipts/tileaction.cs
  artifactKey: Guid(b31c67ec603f91643b3191fa4c735385) Importer(815301076,1909f56bfc062723c751e8b465ee728b)
Start importing Assets/scipts/tileaction.cs using Guid(b31c67ec603f91643b3191fa4c735385) Importer(815301076,1909f56bfc062723c751e8b465ee728b)  -> (artifact id: '76f2c71a3b0e512876fe57637987f388') in 0.004365 seconds
  Import took 0.008144 seconds .

========================================================================
Received Import Request.
  Time since last request: 1264.058592 seconds.
  path: Assets/songs/Ab Phirse Jab Baarish - Darshan Raval _ Official Video 2017.mp3
  artifactKey: Guid(a548346379cdbe348b0f7d6fb5a0524f) Importer(815301076,1909f56bfc062723c751e8b465ee728b)
Start importing Assets/songs/Ab Phirse Jab Baarish - Darshan Raval _ Official Video 2017.mp3 using Guid(a548346379cdbe348b0f7d6fb5a0524f) Importer(815301076,1909f56bfc062723c751e8b465ee728b)  -> (artifact id: '94ad74e45d46b076bd3accfbd2a39bf6') in 0.129198 seconds
  Import took 0.132680 seconds .

========================================================================
Received Import Request.
  Time since last request: 50.788330 seconds.
  path: Assets/Scenes/SampleScene.unity
  artifactKey: Guid(2cda990e2423bbf4892e6590ba056729) Importer(815301076,1909f56bfc062723c751e8b465ee728b)
Start importing Assets/Scenes/SampleScene.unity using Guid(2cda990e2423bbf4892e6590ba056729) Importer(815301076,1909f56bfc062723c751e8b465ee728b)  -> (artifact id: '257e0bc20c674dc9128e501801044731') in 0.014083 seconds
  Import took 0.017198 seconds .

========================================================================
Received Import Request.
  Time since last request: 731.069758 seconds.
  path: Assets/songs/'Kahin to hogi wo' but you're dreaming that you're on a date with your crush...mp3
  artifactKey: Guid(bca0fb275add1ef42bbd8e0d348efbb6) Importer(815301076,1909f56bfc062723c751e8b465ee728b)
Start importing Assets/songs/'Kahin to hogi wo' but you're dreaming that you're on a date with your crush...mp3 using Guid(bca0fb275add1ef42bbd8e0d348efbb6) Importer(815301076,1909f56bfc062723c751e8b465ee728b)  -> (artifact id: '7ac6f2625c7d6486d6b3e971fd968672') in 0.022008 seconds
  Import took 0.025843 seconds .

========================================================================
Received Import Request.
  Time since last request: 0.009189 seconds.
  path: Assets/songs/'Kahin to hogi wo' but you're dreaming that you're on a date with your crush...mp3
  artifactKey: Guid(bca0fb275add1ef42bbd8e0d348efbb6) Importer(815301076,1909f56bfc062723c751e8b465ee728b)
Start importing Assets/songs/'Kahin to hogi wo' but you're dreaming that you're on a date with your crush...mp3 using Guid(bca0fb275add1ef42bbd8e0d348efbb6) Importer(815301076,1909f56bfc062723c751e8b465ee728b)  -> (artifact id: '7ac6f2625c7d6486d6b3e971fd968672') in 0.013759 seconds
  Import took 0.018322 seconds .

========================================================================
Received Import Request.
  Time since last request: 0.000188 seconds.
  path: Assets/songs/Yalgaar - CarryMinati.mp3
  artifactKey: Guid(44189d90b4e6a994daee9cc378c6ff6b) Importer(815301076,1909f56bfc062723c751e8b465ee728b)
Start importing Assets/songs/Yalgaar - CarryMinati.mp3 using Guid(44189d90b4e6a994daee9cc378c6ff6b) Importer(815301076,1909f56bfc062723c751e8b465ee728b)  -> (artifact id: '030e6b3b04322c9eb96b4e56aa590c52') in 0.018905 seconds
  Import took 0.022186 seconds .

========================================================================
Received Import Request.
  Time since last request: 0.000193 seconds.
  path: Assets/songs/DIVINE - MIRCHI Feat. Stylo G, MC Altaf & Phenom _ Official Music Video.mp3
  artifactKey: Guid(392b9a38007bdd54185153875856e14d) Importer(815301076,1909f56bfc062723c751e8b465ee728b)
Start importing Assets/songs/DIVINE - MIRCHI Feat. Stylo G, MC Altaf & Phenom _ Official Music Video.mp3 using Guid(392b9a38007bdd54185153875856e14d) Importer(815301076,1909f56bfc062723c751e8b465ee728b)  -> (artifact id: 'bedc4750e4258129b815203a55afe91c') in 0.027849 seconds
  Import took 0.031974 seconds .

========================================================================
Received Import Request.
  Time since last request: 0.000241 seconds.
  path: Assets/songs/Baarish - Full Video _ Half Girlfriend _ Arjun Kapoor & Shraddha Kapoor_ Ash King , Sashaa _ Tanishk.mp3
  artifactKey: Guid(13e0fdb6d93859f4d83e9b4fcf09c294) Importer(815301076,1909f56bfc062723c751e8b465ee728b)
Start importing Assets/songs/Baarish - Full Video _ Half Girlfriend _ Arjun Kapoor & Shraddha Kapoor_ Ash King , Sashaa _ Tanishk.mp3 using Guid(13e0fdb6d93859f4d83e9b4fcf09c294) Importer(815301076,1909f56bfc062723c751e8b465ee728b)  -> (artifact id: '0690554d126e8ad1c68797502236ac71') in 0.023883 seconds
  Import took 0.028288 seconds .

========================================================================
Received Import Request.
  Time since last request: 0.000225 seconds.
  path: Assets/songs/Safar - Bhuvan Bam.mp3
  artifactKey: Guid(152cbd912ea148a4989f98a3884c8b27) Importer(815301076,1909f56bfc062723c751e8b465ee728b)
Start importing Assets/songs/Safar - Bhuvan Bam.mp3 using Guid(152cbd912ea148a4989f98a3884c8b27) Importer(815301076,1909f56bfc062723c751e8b465ee728b)  -> (artifact id: '38c89296e766cfa4413493d829556da8') in 0.015393 seconds
  Import took 0.018965 seconds .

========================================================================
Received Import Request.
  Time since last request: 0.000245 seconds.
  path: Assets/songs/'Kyun Main Jaagoon' Full Song Patiala House _ Akshay Kumar.mp3
  artifactKey: Guid(9e87bd2b95b11a04a9d68edf69735d6a) Importer(815301076,1909f56bfc062723c751e8b465ee728b)
Start importing Assets/songs/'Kyun Main Jaagoon' Full Song Patiala House _ Akshay Kumar.mp3 using Guid(9e87bd2b95b11a04a9d68edf69735d6a) Importer(815301076,1909f56bfc062723c751e8b465ee728b)  -> (artifact id: 'bc377fccfd31796a74ea4cb26fc5672c') in 0.017472 seconds
  Import took 0.021311 seconds .

========================================================================
Received Import Request.
  Time since last request: 0.000219 seconds.
  path: Assets/songs/Vilen - Ravan (Official Video).mp3
  artifactKey: Guid(2037efe2984d29f4da9f7b52c1c44fab) Importer(815301076,1909f56bfc062723c751e8b465ee728b)
Start importing Assets/songs/Vilen - Ravan (Official Video).mp3 using Guid(2037efe2984d29f4da9f7b52c1c44fab) Importer(815301076,1909f56bfc062723c751e8b465ee728b)  -> (artifact id: 'a1d252f5a839c7954868c3a61a594361') in 0.015378 seconds
  Import took 0.019222 seconds .

========================================================================
Received Import Request.
  Time since last request: 0.000208 seconds.
  path: Assets/songs/Ab Phirse Jab Baarish - Darshan Raval _ Official Video 2016.mp3
  artifactKey: Guid(cd1b0edc047a608429e2e9c8cd186a34) Importer(815301076,1909f56bfc062723c751e8b465ee728b)
Start importing Assets/songs/Ab Phirse Jab Baarish - Darshan Raval _ Official Video 2016.mp3 using Guid(cd1b0edc047a608429e2e9c8cd186a34) Importer(815301076,1909f56bfc062723c751e8b465ee728b)  -> (artifact id: '45b752fb73e66baec026e0289ec2a3c5') in 0.017619 seconds
  Import took 0.021069 seconds .

========================================================================
Received Import Request.
  Time since last request: 0.000209 seconds.
  path: Assets/songs/InTheEnd.mp3
  artifactKey: Guid(9c704812091768f4a83926382bca9815) Importer(815301076,1909f56bfc062723c751e8b465ee728b)
Start importing Assets/songs/InTheEnd.mp3 using Guid(9c704812091768f4a83926382bca9815) Importer(815301076,1909f56bfc062723c751e8b465ee728b)  -> (artifact id: 'be4ee246f00bb610685b126f8da6baab') in 0.015759 seconds
  Import took 0.019093 seconds .

========================================================================
Received Import Request.
  Time since last request: 0.000208 seconds.
  path: Assets/songs/Heer Ranjha - Bhuvan Bam.mp3
  artifactKey: Guid(c3c9d04dd0e3c4f40850faa36636536b) Importer(815301076,1909f56bfc062723c751e8b465ee728b)
Start importing Assets/songs/Heer Ranjha - Bhuvan Bam.mp3 using Guid(c3c9d04dd0e3c4f40850faa36636536b) Importer(815301076,1909f56bfc062723c751e8b465ee728b)  -> (artifact id: '5839709769c646b39778cc82b660e8ab') in 0.014075 seconds
  Import took 0.016953 seconds .

========================================================================
Received Import Request.
  Time since last request: 0.000197 seconds.
  path: Assets/songs/04. Kun Faya Kun.mp3
  artifactKey: Guid(df00a0423259e604583c2d725ce8b203) Importer(815301076,1909f56bfc062723c751e8b465ee728b)
Start importing Assets/songs/04. Kun Faya Kun.mp3 using Guid(df00a0423259e604583c2d725ce8b203) Importer(815301076,1909f56bfc062723c751e8b465ee728b)  -> (artifact id: '2d12b981d753964fbf1ee3f088397490') in 0.017097 seconds
  Import took 0.020511 seconds .

========================================================================
Received Import Request.
  Time since last request: 0.000304 seconds.
  path: Assets/songs/naino_da_kya_kasoor.wav
  artifactKey: Guid(a45d0fbd3558a2243820aa7cf4aa7060) Importer(815301076,1909f56bfc062723c751e8b465ee728b)
Start importing Assets/songs/naino_da_kya_kasoor.wav using Guid(a45d0fbd3558a2243820aa7cf4aa7060) Importer(815301076,1909f56bfc062723c751e8b465ee728b)  -> (artifact id: 'b1e2f299ae97363bbfc4b390dc56b161') in 0.015696 seconds
  Import took 0.019719 seconds .

========================================================================
Received Import Request.
  Time since last request: 0.000163 seconds.
  path: Assets/songs/Sang Hoon Tere - Bhuvan Bam 320Kbps.mp3
  artifactKey: Guid(939c02811b5f8bb47ba19b5a7b754eab) Importer(815301076,1909f56bfc062723c751e8b465ee728b)
Start importing Assets/songs/Sang Hoon Tere - Bhuvan Bam 320Kbps.mp3 using Guid(939c02811b5f8bb47ba19b5a7b754eab) Importer(815301076,1909f56bfc062723c751e8b465ee728b)  -> (artifact id: 'd57a8df13a9ce18cfeb148cbd22267d6') in 0.016974 seconds
  Import took 0.020355 seconds .

========================================================================
Received Import Request.
  Time since last request: 0.000254 seconds.
  path: Assets/songs/Vilen - Chidiya (Official  Video).mp3
  artifactKey: Guid(e1d8f1d0c2afbbb498bc97952914fd30) Importer(815301076,1909f56bfc062723c751e8b465ee728b)
Start importing Assets/songs/Vilen - Chidiya (Official  Video).mp3 using Guid(e1d8f1d0c2afbbb498bc97952914fd30) Importer(815301076,1909f56bfc062723c751e8b465ee728b)  -> (artifact id: 'd1288704f4ad3880b4f2be32615cec1b') in 0.014502 seconds
  Import took 0.018564 seconds .

========================================================================
Received Import Request.
  Time since last request: 0.000186 seconds.
  path: Assets/songs/Kaun Tujhe (M S Dhoni - The Untold Story) 128.mp3
  artifactKey: Guid(b1739461012beff49a7aa3203b31b6aa) Importer(815301076,1909f56bfc062723c751e8b465ee728b)
Start importing Assets/songs/Kaun Tujhe (M S Dhoni - The Untold Story) 128.mp3 using Guid(b1739461012beff49a7aa3203b31b6aa) Importer(815301076,1909f56bfc062723c751e8b465ee728b)  -> (artifact id: 'e921694f5426e7e1efc86da9b5ad2cb3') in 0.019521 seconds
  Import took 0.023344 seconds .

========================================================================
Received Import Request.
  Time since last request: 0.000203 seconds.
  path: Assets/songs/12. Tum Ho 1.mp3
  artifactKey: Guid(5c6816f567707604eb32d52dab39df47) Importer(815301076,1909f56bfc062723c751e8b465ee728b)
Start importing Assets/songs/12. Tum Ho 1.mp3 using Guid(5c6816f567707604eb32d52dab39df47) Importer(815301076,1909f56bfc062723c751e8b465ee728b)  -> (artifact id: '9d7e5738a55897f97712206921017ccb') in 0.014690 seconds
  Import took 0.017860 seconds .

========================================================================
Received Import Request.
  Time since last request: 0.000194 seconds.
  path: Assets/songs/Ab Phirse Jab Baarish - Darshan Raval _ Official Video 2017.mp3
  artifactKey: Guid(a548346379cdbe348b0f7d6fb5a0524f) Importer(815301076,1909f56bfc062723c751e8b465ee728b)
Start importing Assets/songs/Ab Phirse Jab Baarish - Darshan Raval _ Official Video 2017.mp3 using Guid(a548346379cdbe348b0f7d6fb5a0524f) Importer(815301076,1909f56bfc062723c751e8b465ee728b)  -> (artifact id: 'f50ebec90c9b056eefa39f207f291148') in 0.013820 seconds
  Import took 0.017219 seconds .

========================================================================
Received Import Request.
  Time since last request: 0.000159 seconds.
  path: Assets/songs/deathBed.mp3
  artifactKey: Guid(4648190a453e0f748bdaad058ed1abe3) Importer(815301076,1909f56bfc062723c751e8b465ee728b)
Start importing Assets/songs/deathBed.mp3 using Guid(4648190a453e0f748bdaad058ed1abe3) Importer(815301076,1909f56bfc062723c751e8b465ee728b)  -> (artifact id: 'e9d5d76ecca89fcddfd2b6fd56fc0816') in 0.014066 seconds
  Import took 0.016995 seconds .

========================================================================
Received Import Request.
  Time since last request: 0.000194 seconds.
  path: Assets/songs/Zindagi - Carry Minati.mp3
  artifactKey: Guid(5754f81f8c5a79e49998726cec2f29e3) Importer(815301076,1909f56bfc062723c751e8b465ee728b)
Start importing Assets/songs/Zindagi - Carry Minati.mp3 using Guid(5754f81f8c5a79e49998726cec2f29e3) Importer(815301076,1909f56bfc062723c751e8b465ee728b)  -> (artifact id: '1127c8519950cdb2ef830c327673e21e') in 0.018232 seconds
  Import took 0.021701 seconds .

========================================================================
Received Import Request.
  Time since last request: 0.000245 seconds.
  path: Assets/songs/BAARISHEIN (Studio) Anuv Jain.mp3
  artifactKey: Guid(2ad253e63c4fbbd4eac0aff97459c5c8) Importer(815301076,1909f56bfc062723c751e8b465ee728b)
Start importing Assets/songs/BAARISHEIN (Studio) Anuv Jain.mp3 using Guid(2ad253e63c4fbbd4eac0aff97459c5c8) Importer(815301076,1909f56bfc062723c751e8b465ee728b)  -> (artifact id: '114b36942bfce24a13639299923a1703') in 0.016340 seconds
  Import took 0.020403 seconds .

========================================================================
Received Import Request.
  Time since last request: 0.000204 seconds.
  path: Assets/songs/dil_ko_karrar.mp3
  artifactKey: Guid(0e421115ba3d32b4bb78320c3e935d51) Importer(815301076,1909f56bfc062723c751e8b465ee728b)
Start importing Assets/songs/dil_ko_karrar.mp3 using Guid(0e421115ba3d32b4bb78320c3e935d51) Importer(815301076,1909f56bfc062723c751e8b465ee728b)  -> (artifact id: 'fde9f9ecd17bfafddc13cea939f21a4b') in 0.013906 seconds
  Import took 0.017060 seconds .

========================================================================
Received Import Request.
  Time since last request: 0.000192 seconds.
  path: Assets/songs/dil_diya_gallan.mp3
  artifactKey: Guid(b4badf803111372499678693010da3de) Importer(815301076,1909f56bfc062723c751e8b465ee728b)
Start importing Assets/songs/dil_diya_gallan.mp3 using Guid(b4badf803111372499678693010da3de) Importer(815301076,1909f56bfc062723c751e8b465ee728b)  -> (artifact id: 'ac57694b4e79873cb78e338571fa2221') in 0.014943 seconds
  Import took 0.018301 seconds .

========================================================================
Received Import Request.
  Time since last request: 0.000224 seconds.
  path: Assets/songs/04. Kun Faya Kun 1.mp3
  artifactKey: Guid(7cb545d2cd4da7642bbaae8e4479ae5d) Importer(815301076,1909f56bfc062723c751e8b465ee728b)
Start importing Assets/songs/04. Kun Faya Kun 1.mp3 using Guid(7cb545d2cd4da7642bbaae8e4479ae5d) Importer(815301076,1909f56bfc062723c751e8b465ee728b)  -> (artifact id: 'e38cd2c56f66e919cf7ba202e27fc0b2') in 0.013502 seconds
  Import took 0.016971 seconds .

========================================================================
Received Import Request.
  Time since last request: 0.000180 seconds.
  path: Assets/songs/Tu Hai Ki Nahi - Roy 128 Kbps.mp3
  artifactKey: Guid(67f3657fbab236d4e8f5f15b035f57b9) Importer(815301076,1909f56bfc062723c751e8b465ee728b)
Start importing Assets/songs/Tu Hai Ki Nahi - Roy 128 Kbps.mp3 using Guid(67f3657fbab236d4e8f5f15b035f57b9) Importer(815301076,1909f56bfc062723c751e8b465ee728b)  -> (artifact id: '89c54830deb668e8d6ee96496ccdca2a') in 0.020527 seconds
  Import took 0.023986 seconds .

========================================================================
Received Import Request.
  Time since last request: 0.000205 seconds.
  path: Assets/songs/02. Jo Bhi Main.mp3
  artifactKey: Guid(8233efa27235c184cb35a2b40f1b6c76) Importer(815301076,1909f56bfc062723c751e8b465ee728b)
Start importing Assets/songs/02. Jo Bhi Main.mp3 using Guid(8233efa27235c184cb35a2b40f1b6c76) Importer(815301076,1909f56bfc062723c751e8b465ee728b)  -> (artifact id: '2b32ee79b0717001089cf1912e4e4f15') in 0.012960 seconds
  Import took 0.016086 seconds .

========================================================================
Received Import Request.
  Time since last request: 0.000213 seconds.
  path: Assets/songs/badGuy.mp3
  artifactKey: Guid(30ae6da428ca2964098450f7d6e9c332) Importer(815301076,1909f56bfc062723c751e8b465ee728b)
Start importing Assets/songs/badGuy.mp3 using Guid(30ae6da428ca2964098450f7d6e9c332) Importer(815301076,1909f56bfc062723c751e8b465ee728b)  -> (artifact id: '9844e23492b8254a3ca877cf01b67b37') in 0.017151 seconds
  Import took 0.020483 seconds .

========================================================================
Received Import Request.
  Time since last request: 0.000212 seconds.
  path: Assets/songs/02. Jo Bhi Main 1.mp3
  artifactKey: Guid(411221c1603deb2468ee2930d37440d3) Importer(815301076,1909f56bfc062723c751e8b465ee728b)
Start importing Assets/songs/02. Jo Bhi Main 1.mp3 using Guid(411221c1603deb2468ee2930d37440d3) Importer(815301076,1909f56bfc062723c751e8b465ee728b)  -> (artifact id: '4c0fa4a3549c0ae0ad0c6c904e41f756') in 0.015050 seconds
  Import took 0.018343 seconds .

========================================================================
Received Import Request.
  Time since last request: 0.000195 seconds.
  path: Assets/songs/Bas Mein - Bhuvan Bam.mp3
  artifactKey: Guid(10924e25d53159c4192da2326e3f6c9d) Importer(815301076,1909f56bfc062723c751e8b465ee728b)
Start importing Assets/songs/Bas Mein - Bhuvan Bam.mp3 using Guid(10924e25d53159c4192da2326e3f6c9d) Importer(815301076,1909f56bfc062723c751e8b465ee728b)  -> (artifact id: '83c0bf109facab0a2c858aa5cd7838c4') in 0.018592 seconds
  Import took 0.022080 seconds .

========================================================================
Received Import Request.
  Time since last request: 0.000197 seconds.
  path: Assets/songs/Advait x Nuke _ Teri Parchhai (ft. Bri Muso).mp3
  artifactKey: Guid(f2f3011407ee12e439381536bf63e797) Importer(815301076,1909f56bfc062723c751e8b465ee728b)
Start importing Assets/songs/Advait x Nuke _ Teri Parchhai (ft. Bri Muso).mp3 using Guid(f2f3011407ee12e439381536bf63e797) Importer(815301076,1909f56bfc062723c751e8b465ee728b)  -> (artifact id: '8ba4757daadec78856f25b30100cb803') in 0.017459 seconds
  Import took 0.021150 seconds .

========================================================================
Received Import Request.
  Time since last request: 0.000190 seconds.
  path: Assets/songs/ae_dil_hai_mushkil.mp3
  artifactKey: Guid(10ac26c74b2b85343a847c8e3a6066a9) Importer(815301076,1909f56bfc062723c751e8b465ee728b)
Start importing Assets/songs/ae_dil_hai_mushkil.mp3 using Guid(10ac26c74b2b85343a847c8e3a6066a9) Importer(815301076,1909f56bfc062723c751e8b465ee728b)  -> (artifact id: '8491cf92a3128127d41c205b99a30e00') in 0.014253 seconds
  Import took 0.018741 seconds .

========================================================================
Received Import Request.
  Time since last request: 0.000166 seconds.
  path: Assets/songs/Faded.mp3
  artifactKey: Guid(c2c020798fa34e64c81b7df32d1e11f8) Importer(815301076,1909f56bfc062723c751e8b465ee728b)
Start importing Assets/songs/Faded.mp3 using Guid(c2c020798fa34e64c81b7df32d1e11f8) Importer(815301076,1909f56bfc062723c751e8b465ee728b)  -> (artifact id: '3edacaf482e3a6c543ba302c63b7f458') in 0.012567 seconds
  Import took 0.015764 seconds .

========================================================================
Received Import Request.
  Time since last request: 0.000204 seconds.
  path: Assets/songs/Trigger - CarryMinati.mp3
  artifactKey: Guid(c464ab4ec6c415a45a404994655827ab) Importer(815301076,1909f56bfc062723c751e8b465ee728b)
Start importing Assets/songs/Trigger - CarryMinati.mp3 using Guid(c464ab4ec6c415a45a404994655827ab) Importer(815301076,1909f56bfc062723c751e8b465ee728b)  -> (artifact id: '5ee20541946e691d3fba1f2e0f300b81') in 0.018680 seconds
  Import took 0.022738 seconds .

========================================================================
Received Import Request.
  Time since last request: 0.000184 seconds.
  path: Assets/songs/Warrior - Ajey Nagar.mp3
  artifactKey: Guid(397d2a99638fd214c9385f7409faa6bf) Importer(815301076,1909f56bfc062723c751e8b465ee728b)
Start importing Assets/songs/Warrior - Ajey Nagar.mp3 using Guid(397d2a99638fd214c9385f7409faa6bf) Importer(815301076,1909f56bfc062723c751e8b465ee728b)  -> (artifact id: '4169988eddda92bd7aaf7a876ee39885') in 0.014472 seconds
  Import took 0.017914 seconds .

========================================================================
Received Import Request.
  Time since last request: 0.000174 seconds.
  path: Assets/songs/agar-tum-saath-ho.mp3
  artifactKey: Guid(6dbaf1f13bbc35a4e897227c52e4e38c) Importer(815301076,1909f56bfc062723c751e8b465ee728b)
Start importing Assets/songs/agar-tum-saath-ho.mp3 using Guid(6dbaf1f13bbc35a4e897227c52e4e38c) Importer(815301076,1909f56bfc062723c751e8b465ee728b)  -> (artifact id: '7b127a2852ddb98f08b818dda715c918') in 0.016373 seconds
  Import took 0.019168 seconds .

========================================================================
Received Import Request.
  Time since last request: 0.000195 seconds.
  path: Assets/songs/Advait x P.N.D.A _ Main So Gaya Hoon...mp3
  artifactKey: Guid(7145d60c202d00b45bf8d3ef4aca8ab3) Importer(815301076,1909f56bfc062723c751e8b465ee728b)
Start importing Assets/songs/Advait x P.N.D.A _ Main So Gaya Hoon...mp3 using Guid(7145d60c202d00b45bf8d3ef4aca8ab3) Importer(815301076,1909f56bfc062723c751e8b465ee728b)  -> (artifact id: 'd97631e142b4a1483c9e85c6ffe131df') in 0.016685 seconds
  Import took 0.020404 seconds .

========================================================================
Received Import Request.
  Time since last request: 0.000360 seconds.
  path: Assets/songs/Thunder.mp3
  artifactKey: Guid(32fa35de161ac7344a2ea595708aeae0) Importer(815301076,1909f56bfc062723c751e8b465ee728b)
Start importing Assets/songs/Thunder.mp3 using Guid(32fa35de161ac7344a2ea595708aeae0) Importer(815301076,1909f56bfc062723c751e8b465ee728b)  -> (artifact id: 'f5f8db5a8d1c12cfaaf390f62a6242ab') in 0.016989 seconds
  Import took 0.020621 seconds .

========================================================================
Received Import Request.
  Time since last request: 0.000219 seconds.
  path: Assets/songs/12. Tum Ho.mp3
  artifactKey: Guid(d238e2fb96d60494b9024ea89f6adc2e) Importer(815301076,1909f56bfc062723c751e8b465ee728b)
Start importing Assets/songs/12. Tum Ho.mp3 using Guid(d238e2fb96d60494b9024ea89f6adc2e) Importer(815301076,1909f56bfc062723c751e8b465ee728b)  -> (artifact id: '1a420eb7506afb8b80f1a4465b795b80') in 0.014375 seconds
  Import took 0.017689 seconds .

========================================================================
Received Import Request.
  Time since last request: 0.000211 seconds.
  path: Assets/songs/Ajnabee - Bhuvan Bam.mp3
  artifactKey: Guid(bde16f1945eeb1d49a3ba654738143a9) Importer(815301076,1909f56bfc062723c751e8b465ee728b)
Start importing Assets/songs/Ajnabee - Bhuvan Bam.mp3 using Guid(bde16f1945eeb1d49a3ba654738143a9) Importer(815301076,1909f56bfc062723c751e8b465ee728b)  -> (artifact id: 'a58bf8430eb79372efef5ea4bb9f9b8f') in 0.017250 seconds
  Import took 0.020537 seconds .

========================================================================
Received Import Request.
  Time since last request: 0.000206 seconds.
  path: Assets/songs/Safar (Jab Harry Met Sejal) 128 Kbps.mp3
  artifactKey: Guid(2d3968b1795dc924d980f8e402c8da11) Importer(815301076,1909f56bfc062723c751e8b465ee728b)
Start importing Assets/songs/Safar (Jab Harry Met Sejal) 128 Kbps.mp3 using Guid(2d3968b1795dc924d980f8e402c8da11) Importer(815301076,1909f56bfc062723c751e8b465ee728b)  -> (artifact id: 'aa2c4ac1b57b7bec56114c19831d6d4c') in 0.014538 seconds
  Import took 0.018355 seconds .

========================================================================
Received Import Request.
  Time since last request: 0.000204 seconds.
  path: Assets/songs/Sooraj Dooba Hain - Roy 128 Kbps.mp3
  artifactKey: Guid(18302445e877fe74d8a7445df9957088) Importer(815301076,1909f56bfc062723c751e8b465ee728b)
Start importing Assets/songs/Sooraj Dooba Hain - Roy 128 Kbps.mp3 using Guid(18302445e877fe74d8a7445df9957088) Importer(815301076,1909f56bfc062723c751e8b465ee728b)  -> (artifact id: 'f847f24025311ee1e831bc861a391138') in 0.012718 seconds
  Import took 0.016235 seconds .

========================================================================
Received Import Request.
  Time since last request: 0.000206 seconds.
  path: Assets/songs/13. Saada Haq 1.mp3
  artifactKey: Guid(2dc3c201d2d078645b76bd0a864e5b94) Importer(815301076,1909f56bfc062723c751e8b465ee728b)
Start importing Assets/songs/13. Saada Haq 1.mp3 using Guid(2dc3c201d2d078645b76bd0a864e5b94) Importer(815301076,1909f56bfc062723c751e8b465ee728b)  -> (artifact id: '0dce269da01a1e512e1958e8e34426d8') in 0.013280 seconds
  Import took 0.016625 seconds .

========================================================================
Received Import Request.
  Time since last request: 0.000196 seconds.
  path: Assets/songs/TuHiaKahaan.mp3
  artifactKey: Guid(a72fdd9dc0cc5194c913ccdd8b608fd9) Importer(815301076,1909f56bfc062723c751e8b465ee728b)
Start importing Assets/songs/TuHiaKahaan.mp3 using Guid(a72fdd9dc0cc5194c913ccdd8b608fd9) Importer(815301076,1909f56bfc062723c751e8b465ee728b)  -> (artifact id: '84b919e7eb979096937bb6f00b563b4d') in 0.015755 seconds
  Import took 0.019032 seconds .

========================================================================
Received Import Request.
  Time since last request: 0.000187 seconds.
  path: Assets/songs/Galliyan.mp3
  artifactKey: Guid(3021e9065beb1ed478f6ed56c2a31fd5) Importer(815301076,1909f56bfc062723c751e8b465ee728b)
Start importing Assets/songs/Galliyan.mp3 using Guid(3021e9065beb1ed478f6ed56c2a31fd5) Importer(815301076,1909f56bfc062723c751e8b465ee728b)  -> (artifact id: 'a6d4f754968ed62404f2a69be685bf09') in 0.013446 seconds
  Import took 0.020446 seconds .

========================================================================
Received Import Request.
  Time since last request: 0.000213 seconds.
  path: Assets/songs/laree_choote.mp3
  artifactKey: Guid(55020f6fb0646fa46bd1b4b3a8d38a7a) Importer(815301076,1909f56bfc062723c751e8b465ee728b)
Start importing Assets/songs/laree_choote.mp3 using Guid(55020f6fb0646fa46bd1b4b3a8d38a7a) Importer(815301076,1909f56bfc062723c751e8b465ee728b)  -> (artifact id: 'cb27649f44e827d71100337dbdf50374') in 0.014553 seconds
  Import took 0.018259 seconds .

========================================================================
Received Import Request.
  Time since last request: 0.000198 seconds.
  path: Assets/songs/13. Saada Haq.mp3
  artifactKey: Guid(e9e2acb48199cc443908fb6fdff95cdf) Importer(815301076,1909f56bfc062723c751e8b465ee728b)
Start importing Assets/songs/13. Saada Haq.mp3 using Guid(e9e2acb48199cc443908fb6fdff95cdf) Importer(815301076,1909f56bfc062723c751e8b465ee728b)  -> (artifact id: 'b38fdb259e20b2da286196542bdd26e0') in 0.013175 seconds
  Import took 0.016336 seconds .

========================================================================
Received Import Request.
  Time since last request: 0.000217 seconds.
  path: Assets/songs/badChild.mp3
  artifactKey: Guid(83bbfe9596e90ae418f1212092aa738b) Importer(815301076,1909f56bfc062723c751e8b465ee728b)
Start importing Assets/songs/badChild.mp3 using Guid(83bbfe9596e90ae418f1212092aa738b) Importer(815301076,1909f56bfc062723c751e8b465ee728b)  -> (artifact id: 'fbf4d6a169e43f462dd37b5bd12a0dc8') in 0.017502 seconds
  Import took 0.021239 seconds .

========================================================================
Received Import Request.
  Time since last request: 0.000371 seconds.
  path: Assets/songs/badChild.mp3
  artifactKey: Guid(83bbfe9596e90ae418f1212092aa738b) Importer(815301076,1909f56bfc062723c751e8b465ee728b)
Start importing Assets/songs/badChild.mp3 using Guid(83bbfe9596e90ae418f1212092aa738b) Importer(815301076,1909f56bfc062723c751e8b465ee728b)  -> (artifact id: 'fbf4d6a169e43f462dd37b5bd12a0dc8') in 0.013376 seconds
  Import took 0.016663 seconds .

========================================================================
Received Import Request.
  Time since last request: 20.312646 seconds.
  path: Assets/Scenes/start.unity
  artifactKey: Guid(893114de1388a7244bfc6cc287e32c81) Importer(815301076,1909f56bfc062723c751e8b465ee728b)
Start importing Assets/Scenes/start.unity using Guid(893114de1388a7244bfc6cc287e32c81) Importer(815301076,1909f56bfc062723c751e8b465ee728b)  -> (artifact id: '16480e7125378a5e10dd42c478fccdfb') in 0.009233 seconds
  Import took 0.012622 seconds .

========================================================================
Received Prepare
Registering precompiled user dll's ...
Registered in 0.001555 seconds.
Begin MonoManager ReloadAssembly
Native extension for WindowsStandalone target not found
Refreshing native plugins compatible for Editor in 0.39 ms, found 1 plugins.
Preloading 0 native plugins for Editor in 0.00 ms.
Mono: successfully reloaded assembly
- Completed reload, in  1.069 seconds
Platform modules already initialized, skipping
Switching build target platform(5) subTarget(0) extendedPlatform(0) -> platform(13) subTarget(537395200) extendedPlatform(0)
Refreshing native plugins compatible for Editor in 0.64 ms, found 1 plugins.
Preloading 0 native plugins for Editor in 0.00 ms.
Unloading 1821 Unused Serialized files (Serialized files now loaded: 0)
System memory in use before: 88.7 MB.
System memory in use after: 88.7 MB.

Unloading 12 unused Assets to reduce memory usage. Loaded Objects now: 2279.
Total: 2.653600 ms (FindLiveObjects: 0.419400 ms CreateObjectMapping: 0.091700 ms MarkObjects: 2.006400 ms  DeleteObjects: 0.135000 ms)

AssetImportParameters requested are different than current active one (requested -> active):
  custom:graphics/normal-map-encoding: 01000000000000000000000000000000 -> 02000000000000000000000000000000
========================================================================
Received Import Request.
  Time since last request: 148.061640 seconds.
  path: Assets/Scenes/SampleScene.unity
  artifactKey: Guid(2cda990e2423bbf4892e6590ba056729) Importer(815301076,1909f56bfc062723c751e8b465ee728b)
Start importing Assets/Scenes/SampleScene.unity using Guid(2cda990e2423bbf4892e6590ba056729) Importer(815301076,1909f56bfc062723c751e8b465ee728b)  -> (artifact id: 'bcf0f405d6cb0050b7bedfe50bf58a4a') in 0.013516 seconds
  Import took 0.016985 seconds .

========================================================================
Received Import Request.
  Time since last request: 571.454616 seconds.
  path: Assets/songs/ByePewdepie.mp3
  artifactKey: Guid(e7b6d3aab781d224e9f811e80e3cdd38) Importer(815301076,1909f56bfc062723c751e8b465ee728b)
Start importing Assets/songs/ByePewdepie.mp3 using Guid(e7b6d3aab781d224e9f811e80e3cdd38) Importer(815301076,1909f56bfc062723c751e8b465ee728b)  -> (artifact id: 'd19066cbe5ea62bf3a799c199fecedcd') in 0.049659 seconds
  Import took 0.055450 seconds .

========================================================================
Received Import Request.
  Time since last request: 175.875700 seconds.
  path: Assets/Covers/400x400cc.jpg
  artifactKey: Guid(12012d2f76874554fa8e24ddc23246d0) Importer(815301076,1909f56bfc062723c751e8b465ee728b)
Start importing Assets/Covers/400x400cc.jpg using Guid(12012d2f76874554fa8e24ddc23246d0) Importer(815301076,1909f56bfc062723c751e8b465ee728b)  -> (artifact id: '03a736fb15fa7522973782742a14cb81') in 0.064543 seconds
  Import took 0.067614 seconds .

========================================================================
Received Import Request.
  Time since last request: 50.958066 seconds.
  path: Assets/Covers/Main-so-Gaya-Hoon-Hindi-2020-20200910045916-500x500.jpg
  artifactKey: Guid(6d5e97724f5694f46900c0192c17c5e9) Importer(815301076,1909f56bfc062723c751e8b465ee728b)
Start importing Assets/Covers/Main-so-Gaya-Hoon-Hindi-2020-20200910045916-500x500.jpg using Guid(6d5e97724f5694f46900c0192c17c5e9) Importer(815301076,1909f56bfc062723c751e8b465ee728b)  -> (artifact id: '90e09d01b9c9dcb97d848af259ed129e') in 0.028519 seconds
  Import took 0.032111 seconds .

========================================================================
Received Import Request.
  Time since last request: 36.045362 seconds.
  path: Assets/Covers/maxresdefault (6).jpg
  artifactKey: Guid(fc5cd5fde1fbc73448625d6f0102ec94) Importer(815301076,1909f56bfc062723c751e8b465ee728b)
Start importing Assets/Covers/maxresdefault (6).jpg using Guid(fc5cd5fde1fbc73448625d6f0102ec94) Importer(815301076,1909f56bfc062723c751e8b465ee728b)  -> (artifact id: '96be375641cffb9c2870270943620354') in 0.042971 seconds
  Import took 0.047086 seconds .

========================================================================
Received Import Request.
  Time since last request: 0.000814 seconds.
  path: Assets/Covers/maxresdefault (6).jpg
  artifactKey: Guid(fc5cd5fde1fbc73448625d6f0102ec94) Importer(815301076,1909f56bfc062723c751e8b465ee728b)
Start importing Assets/Covers/maxresdefault (6).jpg using Guid(fc5cd5fde1fbc73448625d6f0102ec94) Importer(815301076,1909f56bfc062723c751e8b465ee728b)  -> (artifact id: '96be375641cffb9c2870270943620354') in 0.024003 seconds
  Import took 0.027755 seconds .

========================================================================
Received Prepare
Registering precompiled user dll's ...
Registered in 0.000938 seconds.
Begin MonoManager ReloadAssembly
Native extension for WindowsStandalone target not found
Refreshing native plugins compatible for Editor in 0.51 ms, found 1 plugins.
Preloading 0 native plugins for Editor in 0.00 ms.
Mono: successfully reloaded assembly
- Completed reload, in  1.006 seconds
Platform modules already initialized, skipping
Switching build target platform(5) subTarget(0) extendedPlatform(0) -> platform(13) subTarget(537395200) extendedPlatform(0)
Refreshing native plugins compatible for Editor in 0.61 ms, found 1 plugins.
Preloading 0 native plugins for Editor in 0.00 ms.
Unloading 1821 Unused Serialized files (Serialized files now loaded: 0)
System memory in use before: 88.8 MB.
System memory in use after: 88.7 MB.

Unloading 12 unused Assets to reduce memory usage. Loaded Objects now: 2288.
Total: 5.591700 ms (FindLiveObjects: 0.271600 ms CreateObjectMapping: 0.062400 ms MarkObjects: 5.127800 ms  DeleteObjects: 0.128700 ms)

AssetImportParameters requested are different than current active one (requested -> active):
  custom:graphics/normal-map-encoding: 01000000000000000000000000000000 -> 02000000000000000000000000000000
========================================================================
Received Prepare
Registering precompiled user dll's ...
Registered in 0.001404 seconds.
Begin MonoManager ReloadAssembly
Native extension for WindowsStandalone target not found
Refreshing native plugins compatible for Editor in 4.43 ms, found 1 plugins.
Preloading 0 native plugins for Editor in 0.00 ms.
Mono: successfully reloaded assembly
- Completed reload, in  1.134 seconds
Platform modules already initialized, skipping
Switching build target platform(5) subTarget(0) extendedPlatform(0) -> platform(13) subTarget(537395200) extendedPlatform(0)
Refreshing native plugins compatible for Editor in 0.62 ms, found 1 plugins.
Preloading 0 native plugins for Editor in 0.00 ms.
Unloading 1821 Unused Serialized files (Serialized files now loaded: 0)
System memory in use before: 88.8 MB.
System memory in use after: 88.7 MB.

Unloading 12 unused Assets to reduce memory usage. Loaded Objects now: 2292.
Total: 2.257100 ms (FindLiveObjects: 0.216900 ms CreateObjectMapping: 0.044500 ms MarkObjects: 1.872600 ms  DeleteObjects: 0.121900 ms)

AssetImportParameters requested are different than current active one (requested -> active):
  custom:graphics/normal-map-encoding: 01000000000000000000000000000000 -> 02000000000000000000000000000000
========================================================================
Received Import Request.
  Time since last request: 92.520694 seconds.
  path: Assets/Covers/roy-1_650_121714020550.webp
  artifactKey: Guid(b4d5b7646121675459af36886ac0c491) Importer(815301076,1909f56bfc062723c751e8b465ee728b)
Start importing Assets/Covers/roy-1_650_121714020550.webp using Guid(b4d5b7646121675459af36886ac0c491) Importer(815301076,1909f56bfc062723c751e8b465ee728b)  -> (artifact id: 'eb23c06a65a7b79e748ee3eea092d05b') in 0.041034 seconds
  Import took 0.045533 seconds .

========================================================================
Received Import Request.
  Time since last request: 85.244578 seconds.
  path: Assets/Scenes/SampleScene.unity
  artifactKey: Guid(2cda990e2423bbf4892e6590ba056729) Importer(815301076,1909f56bfc062723c751e8b465ee728b)
Start importing Assets/Scenes/SampleScene.unity using Guid(2cda990e2423bbf4892e6590ba056729) Importer(815301076,1909f56bfc062723c751e8b465ee728b)  -> (artifact id: 'a7de508197424b662ed314e84db82031') in 0.003134 seconds
  Import took 0.006134 seconds .

========================================================================
Received Prepare
Registering precompiled user dll's ...
Registered in 0.000731 seconds.
Begin MonoManager ReloadAssembly
Native extension for WindowsStandalone target not found
Refreshing native plugins compatible for Editor in 0.59 ms, found 1 plugins.
Preloading 0 native plugins for Editor in 0.00 ms.
Mono: successfully reloaded assembly
- Completed reload, in  0.961 seconds
Platform modules already initialized, skipping
Switching build target platform(5) subTarget(0) extendedPlatform(0) -> platform(13) subTarget(537395200) extendedPlatform(0)
Refreshing native plugins compatible for Editor in 0.37 ms, found 1 plugins.
Preloading 0 native plugins for Editor in 0.00 ms.
Unloading 1821 Unused Serialized files (Serialized files now loaded: 0)
System memory in use before: 88.8 MB.
System memory in use after: 88.8 MB.

Unloading 12 unused Assets to reduce memory usage. Loaded Objects now: 2296.
Total: 2.088300 ms (FindLiveObjects: 0.238500 ms CreateObjectMapping: 0.043800 ms MarkObjects: 1.682700 ms  DeleteObjects: 0.121800 ms)

AssetImportParameters requested are different than current active one (requested -> active):
  custom:graphics/normal-map-encoding: 01000000000000000000000000000000 -> 02000000000000000000000000000000
========================================================================
Received Import Request.
  Time since last request: 216.158894 seconds.
  path: Assets/songs/y2mate.com - Advait  Is lamhe ko rok doon.mp3
  artifactKey: Guid(46d9eea5bc5ea3c4ca7c2a17aa960c21) Importer(815301076,1909f56bfc062723c751e8b465ee728b)
Start importing Assets/songs/y2mate.com - Advait  Is lamhe ko rok doon.mp3 using Guid(46d9eea5bc5ea3c4ca7c2a17aa960c21) Importer(815301076,1909f56bfc062723c751e8b465ee728b)  -> (artifact id: '0dada3797a776090c5584c33461777ff') in 0.060033 seconds
  Import took 0.063608 seconds .

========================================================================
Received Import Request.
  Time since last request: 40.398488 seconds.
  path: Assets/Scenes/start.unity
  artifactKey: Guid(893114de1388a7244bfc6cc287e32c81) Importer(815301076,1909f56bfc062723c751e8b465ee728b)
Start importing Assets/Scenes/start.unity using Guid(893114de1388a7244bfc6cc287e32c81) Importer(815301076,1909f56bfc062723c751e8b465ee728b)  -> (artifact id: '6348c628ada9b941e6babba87c23f405') in 0.003583 seconds
  Import took 0.007000 seconds .

========================================================================
Received Prepare
Refreshing native plugins compatible for Editor in 2.08 ms, found 1 plugins.
Preloading 0 native plugins for Editor in 0.00 ms.
Unloading 10 Unused Serialized files (Serialized files now loaded: 0)
System memory in use before: 53.1 MB.
System memory in use after: 53.0 MB.

Unloading 10 unused Assets to reduce memory usage. Loaded Objects now: 2297.
Total: 4.286100 ms (FindLiveObjects: 0.396800 ms CreateObjectMapping: 0.081800 ms MarkObjects: 3.674200 ms  DeleteObjects: 0.131600 ms)

========================================================================
Received Prepare
Registering precompiled user dll's ...
Registered in 0.000995 seconds.
Begin MonoManager ReloadAssembly
Native extension for WindowsStandalone target not found
Refreshing native plugins compatible for Editor in 0.74 ms, found 1 plugins.
Preloading 0 native plugins for Editor in 0.00 ms.
Mono: successfully reloaded assembly
- Completed reload, in  1.139 seconds
Platform modules already initialized, skipping
Switching build target platform(5) subTarget(0) extendedPlatform(0) -> platform(13) subTarget(537395200) extendedPlatform(0)
Refreshing native plugins compatible for Editor in 0.39 ms, found 1 plugins.
Preloading 0 native plugins for Editor in 0.00 ms.
Unloading 1821 Unused Serialized files (Serialized files now loaded: 0)
System memory in use before: 88.8 MB.
System memory in use after: 88.8 MB.

Unloading 12 unused Assets to reduce memory usage. Loaded Objects now: 2301.
Total: 4.010500 ms (FindLiveObjects: 0.320000 ms CreateObjectMapping: 0.056300 ms MarkObjects: 3.472300 ms  DeleteObjects: 0.160100 ms)

AssetImportParameters requested are different than current active one (requested -> active):
  custom:graphics/normal-map-encoding: 01000000000000000000000000000000 -> 02000000000000000000000000000000
AssetImportWorkerClient::OnTransportError - code=2 error=End of file
